0 info it worked if it ends with ok
1 verbose cli [ '/home/sean/.nvm/versions/node/v5.5.0/bin/node',
1 verbose cli   '/home/sean/.nvm/versions/node/v5.5.0/bin/npm',
1 verbose cli   'run',
1 verbose cli   'tsc:w' ]
2 info using npm@3.3.12
3 info using node@v5.5.0
4 verbose run-script [ 'pretsc:w', 'tsc:w', 'posttsc:w' ]
5 info lifecycle maps@0.0.1~pretsc:w: maps@0.0.1
6 silly lifecycle maps@0.0.1~pretsc:w: no script for pretsc:w, continuing
7 info lifecycle maps@0.0.1~tsc:w: maps@0.0.1
8 verbose lifecycle maps@0.0.1~tsc:w: unsafe-perm in lifecycle true
9 verbose lifecycle maps@0.0.1~tsc:w: PATH: /home/sean/.nvm/versions/node/v5.5.0/lib/node_modules/npm/bin/node-gyp-bin:/home/sean/projects/maps/node_modules/.bin:/home/sean/.nvm/versions/node/v5.5.0/lib/node_modules/npm/bin/node-gyp-bin:/home/sean/projects/maps/node_modules/.bin:/home/sean/.nvm/versions/node/v5.5.0/bin:/home/sean/.rbenv/shims:/home/sean/.rbenv/bin:./node_modules/.bin:/home/sean/.rbenv/shims:/home/sean/.rbenv/bin:./node_modules/.bin:/usr/local/sbin:/usr/local/bin:/usr/sbin:/usr/bin:/sbin:/bin:/usr/games:/usr/local/games:/home/sean/.npm-packages/bin:/usr/local/sbin:/usr/local/bin:/usr/sbin:/usr/bin:/sbin:/bin:/usr/games:/usr/local/games://home/sean/scripts:/home/sean/.npm-packages/bin:/usr/local/sbin:/usr/local/bin:/usr/sbin:/usr/bin:/sbin:/bin:/usr/games:/usr/local/games://home/sean/scripts
10 verbose lifecycle maps@0.0.1~tsc:w: CWD: /home/sean/projects/maps
11 silly lifecycle maps@0.0.1~tsc:w: Args: [ '-c', 'tsc -w -rootDir' ]
12 silly lifecycle maps@0.0.1~tsc:w: Returned: code: 1  signal: null
13 info lifecycle maps@0.0.1~tsc:w: Failed to exec tsc:w script
14 verbose stack Error: maps@0.0.1 tsc:w: `tsc -w -rootDir`
14 verbose stack Exit status 1
14 verbose stack     at EventEmitter.<anonymous> (/home/sean/.nvm/versions/node/v5.5.0/lib/node_modules/npm/lib/utils/lifecycle.js:232:16)
14 verbose stack     at emitTwo (events.js:100:13)
14 verbose stack     at EventEmitter.emit (events.js:185:7)
14 verbose stack     at ChildProcess.<anonymous> (/home/sean/.nvm/versions/node/v5.5.0/lib/node_modules/npm/lib/utils/spawn.js:24:14)
14 verbose stack     at emitTwo (events.js:100:13)
14 verbose stack     at ChildProcess.emit (events.js:185:7)
14 verbose stack     at maybeClose (internal/child_process.js:821:16)
14 verbose stack     at Process.ChildProcess._handle.onexit (internal/child_process.js:211:5)
15 verbose pkgid maps@0.0.1
16 verbose cwd /home/sean/projects/maps
17 error Linux 3.19.0-42-generic
18 error argv "/home/sean/.nvm/versions/node/v5.5.0/bin/node" "/home/sean/.nvm/versions/node/v5.5.0/bin/npm" "run" "tsc:w"
19 error node v5.5.0
20 error npm  v3.3.12
21 error code ELIFECYCLE
22 error maps@0.0.1 tsc:w: `tsc -w -rootDir`
22 error Exit status 1
23 error Failed at the maps@0.0.1 tsc:w script 'tsc -w -rootDir'.
23 error Make sure you have the latest version of node.js and npm installed.
23 error If you do, this is most likely a problem with the maps package,
23 error not with npm itself.
23 error Tell the author that this fails on your system:
23 error     tsc -w -rootDir
23 error You can get their info via:
23 error     npm owner ls maps
23 error There is likely additional logging output above.
24 verbose exit [ 1, true ]
